[INFO ] 2019-05-27 17:44:06.406 [main] RequestMappingHandlerMapping - Mapped "{[/v1/bv/purchaseorders/potransactions/poitemid/{poItemId}],methods=[GET],produces=[application/json]}" onto public org.springframework.http.ResponseEntity<?> com.blumeglobal.shipmentmanagement.controller.PurchaseOrderController.getPOTransactionStatus(java.lang.Long,java.lang.String) throws java.lang.Exception
[INFO ] 2019-05-27 17:44:06.742 [main] RequestMappingHandlerMapping - Mapped "{[/v1/bv/shipment/{shipmentId}/history],methods=[GET],produces=[application/json]}" onto public org.springframework.http.ResponseEntity<?> com.blumeglobal.shipmentmanagement.controller.PurchaseOrderController.getshipmentFromBlockchain(java.lang.String) throws java.lang.Exception
[INFO ] 2019-05-27 17:44:06.746 [main] RequestMappingHandlerMapping - Mapped "{[/v1/bv/shipments],methods=[POST],produces=[application/json]}" onto public org.springframework.http.ResponseEntity<?> com.blumeglobal.shipmentmanagement.controller.ShipmentController.createShipment(com.blumeglobal.shipmentmanagement.request.ShipmentWorkOrderRequest) throws java.lang.Exception
[INFO ] 2019-05-27 17:44:06.748 [main] RequestMappingHandlerMapping - Mapped "{[/v1/bv/shipmentFreightSearch],methods=[GET],produces=[application/json]}" onto public org.springframework.http.ResponseEntity<?> com.blumeglobal.shipmentmanagement.controller.ShipmentController.searchShipmentFreightDetailsByDataTypeValue(java.lang.String,java.lang.String,java.lang.String) throws java.lang.Exception
[INFO ] 2019-05-27 17:44:06.750 [main] RequestMappingHandlerMapping - Mapped "{[/v1/bv/shipments/e2eshipmentsearch],methods=[GET],produces=[application/json]}" onto public org.springframework.http.ResponseEntity<?> com.blumeglobal.shipmentmanagement.controller.ShipmentController.searchE2EShipmentByRefTypeValue(java.lang.String,java.lang.String,java.lang.String) throws java.lang.Exception
[INFO ] 2019-05-27 17:44:06.751 [main] RequestMappingHandlerMapping - Mapped "{[/v1/bv/shipments/e2eshipments],methods=[GET],produces=[application/json]}" onto public org.springframework.http.ResponseEntity<?> com.blumeglobal.shipmentmanagement.controller.ShipmentController.getE2EShipmentViewList(int,int,java.lang.String,java.lang.String)
[INFO ] 2019-05-27 17:44:06.754 [main] RequestMappingHandlerMapping - Mapped "{[/v1/bv/shipmentsummary],methods=[GET],produces=[application/json]}" onto public org.springframework.http.ResponseEntity<?> com.blumeglobal.shipmentmanagement.controller.ShipmentController.getShipmentViewSummary(java.lang.String) throws java.lang.Exception
[INFO ] 2019-05-27 17:44:06.755 [main] RequestMappingHandlerMapping - Mapped "{[/v1/bv/shipments/e2eshipmentref],methods=[GET],produces=[application/json]}" onto public org.springframework.http.ResponseEntity<?> com.blumeglobal.shipmentmanagement.controller.ShipmentController.getE2EShipmentDetailsByRef(java.lang.String,java.lang.String) throws java.lang.Exception
[INFO ] 2019-05-27 17:44:06.756 [main] RequestMappingHandlerMapping - Mapped "{[/v1/bv/shipmentFreightList],methods=[GET],produces=[application/json]}" onto public org.springframework.http.ResponseEntity<?> com.blumeglobal.shipmentmanagement.controller.ShipmentController.getShipmentFreightDetailsList(int,int,java.lang.String)
[INFO ] 2019-05-27 17:44:06.758 [main] RequestMappingHandlerMapping - Mapped "{[/v1/bv/shipmentevents/exceptions],methods=[POST],produces=[application/json]}" onto public org.springframework.http.ResponseEntity<?> com.blumeglobal.shipmentmanagement.controller.ShipmentEventController.createException(com.blumeglobal.shipmentmanagement.request.ShipmentExceptionListRequest) throws java.lang.Exception
[INFO ] 2019-05-27 17:44:06.759 [main] RequestMappingHandlerMapping - Mapped "{[/v1/bv/shipmentevents/exception],methods=[POST],produces=[application/json]}" onto public org.springframework.http.ResponseEntity<?> com.blumeglobal.shipmentmanagement.controller.ShipmentEventController.createException(com.blumeglobal.shipmentmanagement.request.ShipmentExceptionRequest) throws java.lang.Exception
[INFO ] 2019-05-27 17:44:06.759 [main] RequestMappingHandlerMapping - Mapped "{[/v1/bv/shipmentevents/delete],methods=[POST],produces=[application/json]}" onto public org.springframework.http.ResponseEntity<?> com.blumeglobal.shipmentmanagement.controller.ShipmentEventController.deleteShipmentEvent(java.lang.Long) throws java.lang.Exception
[INFO ] 2019-05-27 17:44:06.760 [main] RequestMappingHandlerMapping - Mapped "{[/v1/bv/shipmentevents/{id}],methods=[GET],produces=[application/json]}" onto public org.springframework.http.ResponseEntity<?> com.blumeglobal.shipmentmanagement.controller.ShipmentEventController.getShipmentEvents(java.lang.String) throws java.lang.Exception
[INFO ] 2019-05-27 17:44:06.761 [main] RequestMappingHandlerMapping - Mapped "{[/v1/bv/shipmentevents/tracking],methods=[GET],produces=[application/json]}" onto public org.springframework.http.ResponseEntity<?> com.blumeglobal.shipmentmanagement.controller.ShipmentEventController.getTrackingEvents(java.lang.String) throws java.lang.Exception
[INFO ] 2019-05-27 17:44:06.762 [main] RequestMappingHandlerMapping - Mapped "{[/v1/bv/shipmentevents],methods=[POST],produces=[application/json]}" onto public org.springframework.http.ResponseEntity<?> com.blumeglobal.shipmentmanagement.controller.ShipmentEventController.createShipmentEvent(com.blumeglobal.shipmentmanagement.request.ShipmentEventRequest) throws java.lang.Exception
[INFO ] 2019-05-27 17:44:06.763 [main] RequestMappingHandlerMapping - Mapped "{[/v1/bv/milestones/create],methods=[POST],produces=[application/json]}" onto public org.springframework.http.ResponseEntity<?> com.blumeglobal.shipmentmanagement.controller.ShipmentMilestoneController.createMilestone(com.blumeglobal.shipmentmanagement.request.MilestoneRequest)
[INFO ] 2019-05-27 17:44:06.764 [main] RequestMappingHandlerMapping - Mapped "{[/v1/bv/shipmentmilestones/events],methods=[POST],produces=[application/json]}" onto public org.springframework.http.ResponseEntity<?> com.blumeglobal.shipmentmanagement.controller.ShipmentMilestoneController.updateShipmentMilestoneAndStatusByRef(java.lang.String,java.lang.String) throws java.lang.Exception
[INFO ] 2019-05-27 17:44:06.765 [main] RequestMappingHandlerMapping - Mapped "{[/v1/bv/shipmentmilestones/{id}],methods=[GET],produces=[application/json]}" onto public org.springframework.http.ResponseEntity<?> com.blumeglobal.shipmentmanagement.controller.ShipmentMilestoneController.getShipmentMilestonesbyShipmentId(java.lang.Long) throws java.lang.Exception
[INFO ] 2019-05-27 17:44:06.766 [main] RequestMappingHandlerMapping - Mapped "{[/v1/bv/shipmentmilestones],methods=[GET],produces=[application/json]}" onto public org.springframework.http.ResponseEntity<?> com.blumeglobal.shipmentmanagement.controller.ShipmentMilestoneController.getShipmentMilestonesByRef(java.lang.String,java.lang.String) throws java.lang.Exception
[INFO ] 2019-05-27 17:44:06.767 [main] RequestMappingHandlerMapping - Mapped "{[/v1/bv/shipmentStops],methods=[POST],produces=[application/json]}" onto public org.springframework.http.ResponseEntity<?> com.blumeglobal.shipmentmanagement.controller.StopController.createStop(com.blumeglobal.shipmentmanagement.request.ShipmentStopListRequest,java.lang.Long) throws java.lang.Exception
[INFO ] 2019-05-27 17:44:06.775 [main] RequestMappingHandlerMapping - Mapped "{[/swagger-resources/configuration/ui]}" onto public org.springframework.http.ResponseEntity<springfox.documentation.swagger.web.UiConfiguration> springfox.documentation.swagger.web.ApiResourceController.uiConfiguration()
[INFO ] 2019-05-27 17:44:06.777 [main] RequestMappingHandlerMapping - Mapped "{[/swagger-resources]}" onto public org.springframework.http.ResponseEntity<java.util.List<springfox.documentation.swagger.web.SwaggerResource>> springfox.documentation.swagger.web.ApiResourceController.swaggerResources()
[INFO ] 2019-05-27 17:44:06.779 [main] RequestMappingHandlerMapping - Mapped "{[/swagger-resources/configuration/security]}" onto public org.springframework.http.ResponseEntity<springfox.documentation.swagger.web.SecurityConfiguration> springfox.documentation.swagger.web.ApiResourceController.securityConfiguration()
[INFO ] 2019-05-27 17:44:06.784 [main] RequestMappingHandlerMapping - Mapped "{[/error]}" onto public org.springframework.http.ResponseEntity<java.util.Map<java.lang.String, java.lang.Object>> org.springframework.boot.autoconfigure.web.servlet.error.BasicErrorController.error(javax.servlet.http.HttpServletRequest)
[INFO ] 2019-05-27 17:44:06.785 [main] RequestMappingHandlerMapping - Mapped "{[/error],produces=[text/html]}" onto public org.springframework.web.servlet.ModelAndView org.springframework.boot.autoconfigure.web.servlet.error.BasicErrorController.errorHtml(javax.servlet.http.HttpServletRequest,javax.servlet.http.HttpServletResponse)
[INFO ] 2019-05-27 17:44:08.013 [main] SimpleUrlHandlerMapping - Mapped URL path [/**/favicon.ico] onto handler of type [class org.springframework.web.servlet.resource.ResourceHttpRequestHandler]
[INFO ] 2019-05-27 17:44:08.544 [main] RequestMappingHandlerAdapter - Looking for @ControllerAdvice: org.springframework.boot.web.servlet.context.AnnotationConfigServletWebServerApplicationContext@2ce6c6ec: startup date [Mon May 27 17:43:12 IST 2019]; root of context hierarchy
[INFO ] 2019-05-27 17:44:08.972 [main] SimpleUrlHandlerMapping - Mapped URL path [/webjars/**] onto handler of type [class org.springframework.web.servlet.resource.ResourceHttpRequestHandler]
[INFO ] 2019-05-27 17:44:08.973 [main] SimpleUrlHandlerMapping - Mapped URL path [/**] onto handler of type [class org.springframework.web.servlet.resource.ResourceHttpRequestHandler]
[INFO ] 2019-05-27 17:44:08.996 [main] ExceptionHandlerExceptionResolver - Detected @ExceptionHandler methods in repositoryRestExceptionHandler
[INFO ] 2019-05-27 17:44:10.433 [main] AnnotationMBeanExporter - Registering beans for JMX exposure on startup
[INFO ] 2019-05-27 17:44:10.437 [main] AnnotationMBeanExporter - Bean with name 'firstDataSource' has been autodetected for JMX exposure
[INFO ] 2019-05-27 17:44:10.437 [main] AnnotationMBeanExporter - Bean with name 'secondDataSource' has been autodetected for JMX exposure
[INFO ] 2019-05-27 17:44:10.465 [main] AnnotationMBeanExporter - Located MBean 'firstDataSource': registering with JMX server as MBean [com.zaxxer.hikari:name=firstDataSource,type=HikariDataSource]
[INFO ] 2019-05-27 17:44:10.470 [main] AnnotationMBeanExporter - Located MBean 'secondDataSource': registering with JMX server as MBean [org.apache.commons.dbcp2:name=secondDataSource,type=BasicDataSource]
[INFO ] 2019-05-27 17:44:10.483 [main] DefaultLifecycleProcessor - Starting beans in phase 2147483547
[INFO ] 2019-05-27 17:44:11.881 [main] ThreadPoolTaskScheduler - Initializing ExecutorService 
[INFO ] 2019-05-27 17:44:11.912 [main] ThreadPoolTaskScheduler - Initializing ExecutorService 
[INFO ] 2019-05-27 17:44:11.935 [main] ThreadPoolTaskScheduler - Initializing ExecutorService 
[INFO ] 2019-05-27 17:44:11.966 [main] ThreadPoolTaskScheduler - Initializing ExecutorService 
[INFO ] 2019-05-27 17:44:11.989 [main] ThreadPoolTaskScheduler - Initializing ExecutorService 
[INFO ] 2019-05-27 17:44:12.012 [main] ThreadPoolTaskScheduler - Initializing ExecutorService 
[INFO ] 2019-05-27 17:44:12.013 [main] DefaultLifecycleProcessor - Starting beans in phase 2147483647
[INFO ] 2019-05-27 17:44:13.456 [org.springframework.kafka.KafkaListenerEndpointContainer#5-0-C-1] KafkaMessageListenerContainer - partitions revoked: []
[INFO ] 2019-05-27 17:44:13.457 [org.springframework.kafka.KafkaListenerEndpointContainer#0-0-C-1] KafkaMessageListenerContainer - partitions revoked: []
[INFO ] 2019-05-27 17:44:13.695 [org.springframework.kafka.KafkaListenerEndpointContainer#2-0-C-1] KafkaMessageListenerContainer - partitions revoked: []
[INFO ] 2019-05-27 17:44:13.712 [org.springframework.kafka.KafkaListenerEndpointContainer#1-0-C-1] KafkaMessageListenerContainer - partitions revoked: []
[INFO ] 2019-05-27 17:44:13.712 [org.springframework.kafka.KafkaListenerEndpointContainer#4-0-C-1] KafkaMessageListenerContainer - partitions revoked: []
[INFO ] 2019-05-27 17:44:13.722 [org.springframework.kafka.KafkaListenerEndpointContainer#3-0-C-1] KafkaMessageListenerContainer - partitions revoked: []
[INFO ] 2019-05-27 17:44:14.111 [main] TomcatWebServer - Tomcat started on port(s): 8502 (https) with context path ''
[INFO ] 2019-05-27 17:44:19.380 [org.springframework.kafka.KafkaListenerEndpointContainer#4-0-C-1] KafkaMessageListenerContainer - partitions assigned: [VISIBILITY_WORKORDER_SI-1, VISIBILITY_WORKORDER_SI-0]
[INFO ] 2019-05-27 17:44:19.380 [org.springframework.kafka.KafkaListenerEndpointContainer#2-0-C-1] KafkaMessageListenerContainer - partitions assigned: [VISIBILITY_OCEANSHIPMENTEVENT_SI-1, VISIBILITY_OCEANSHIPMENTEVENT_SI-0]
[INFO ] 2019-05-27 17:44:19.380 [org.springframework.kafka.KafkaListenerEndpointContainer#1-0-C-1] KafkaMessageListenerContainer - partitions assigned: [VISIBILITY_WORKORDER_SI-2]
[INFO ] 2019-05-27 17:44:19.380 [org.springframework.kafka.KafkaListenerEndpointContainer#0-0-C-1] KafkaMessageListenerContainer - partitions assigned: [VISIBILITY_SHIPMENTEVENT_SI-2]
[INFO ] 2019-05-27 17:44:19.380 [org.springframework.kafka.KafkaListenerEndpointContainer#5-0-C-1] KafkaMessageListenerContainer - partitions assigned: [VISIBILITY_OCEANSHIPMENTEVENT_SI-2]
[INFO ] 2019-05-27 17:44:19.381 [org.springframework.kafka.KafkaListenerEndpointContainer#3-0-C-1] KafkaMessageListenerContainer - partitions assigned: [VISIBILITY_SHIPMENTEVENT_SI-1, VISIBILITY_SHIPMENTEVENT_SI-0]
[INFO ] 2019-05-27 17:44:46.464 [https-jsse-nio-8502-exec-5] DispatcherServlet - FrameworkServlet 'dispatcherServlet': initialization started
[INFO ] 2019-05-27 17:44:46.533 [https-jsse-nio-8502-exec-5] DispatcherServlet - FrameworkServlet 'dispatcherServlet': initialization completed in 69 ms
[INFO ] 2019-05-27 17:44:55.597 [RMI TCP Connection(2)-127.0.0.1] SpringApplicationAdminMXBeanRegistrar$SpringApplicationAdmin - Application shutdown requested.
[INFO ] 2019-05-27 17:44:55.598 [RMI TCP Connection(2)-127.0.0.1] AnnotationConfigServletWebServerApplicationContext - Closing org.springframework.boot.web.servlet.context.AnnotationConfigServletWebServerApplicationContext@2ce6c6ec: startup date [Mon May 27 17:43:12 IST 2019]; root of context hierarchy
