[ERROR] 2019-05-27 17:44:27.173 [org.springframework.kafka.KafkaListenerEndpointContainer#3-0-C-1] ShipmentEventServiceImpl - Exception inside ShipmentEventServiceImpl.createShipmentEvent.Catch_Block:could not extract ResultSet; SQL [n/a]; nested exception is org.hibernate.exception.SQLGrammarException: could not extract ResultSet
org.springframework.dao.InvalidDataAccessResourceUsageException: could not extract ResultSet; SQL [n/a]; nested exception is org.hibernate.exception.SQLGrammarException: could not extract ResultSet
	at org.springframework.orm.jpa.vendor.HibernateJpaDialect.convertHibernateAccessException(HibernateJpaDialect.java:240) ~[spring-orm-5.0.10.RELEASE.jar:5.0.10.RELEASE]
	at org.springframework.orm.jpa.vendor.HibernateJpaDialect.translateExceptionIfPossible(HibernateJpaDialect.java:223) ~[spring-orm-5.0.10.RELEASE.jar:5.0.10.RELEASE]
	at org.springframework.orm.jpa.AbstractEntityManagerFactoryBean.translateExceptionIfPossible(AbstractEntityManagerFactoryBean.java:527) ~[spring-orm-5.0.10.RELEASE.jar:5.0.10.RELEASE]
	at org.springframework.dao.support.ChainedPersistenceExceptionTranslator.translateExceptionIfPossible(ChainedPersistenceExceptionTranslator.java:61) ~[spring-tx-5.0.10.RELEASE.jar:5.0.10.RELEASE]
	at org.springframework.dao.support.DataAccessUtils.translateIfNecessary(DataAccessUtils.java:242) ~[spring-tx-5.0.10.RELEASE.jar:5.0.10.RELEASE]
	at org.springframework.dao.support.PersistenceExceptionTranslationInterceptor.invoke(PersistenceExceptionTranslationInterceptor.java:153) ~[spring-tx-5.0.10.RELEASE.jar:5.0.10.RELEASE]
	at org.springframework.aop.framework.ReflectiveMethodInvocation.proceed(ReflectiveMethodInvocation.java:185) ~[spring-aop-5.0.10.RELEASE.jar:5.0.10.RELEASE]
	at org.springframework.data.jpa.repository.support.CrudMethodMetadataPostProcessor$CrudMethodMetadataPopulatingMethodInterceptor.invoke(CrudMethodMetadataPostProcessor.java:135) ~[spring-data-jpa-2.0.11.RELEASE.jar:2.0.11.RELEASE]
	at org.springframework.aop.framework.ReflectiveMethodInvocation.proceed(ReflectiveMethodInvocation.java:185) ~[spring-aop-5.0.10.RELEASE.jar:5.0.10.RELEASE]
	at org.springframework.aop.interceptor.ExposeInvocationInterceptor.invoke(ExposeInvocationInterceptor.java:92) ~[spring-aop-5.0.10.RELEASE.jar:5.0.10.RELEASE]
	at org.springframework.aop.framework.ReflectiveMethodInvocation.proceed(ReflectiveMethodInvocation.java:185) ~[spring-aop-5.0.10.RELEASE.jar:5.0.10.RELEASE]
	at org.springframework.data.repository.core.support.SurroundingTransactionDetectorMethodInterceptor.invoke(SurroundingTransactionDetectorMethodInterceptor.java:61) ~[spring-data-commons-2.0.11.RELEASE.jar:2.0.11.RELEASE]
	at org.springframework.aop.framework.ReflectiveMethodInvocation.proceed(ReflectiveMethodInvocation.java:185) ~[spring-aop-5.0.10.RELEASE.jar:5.0.10.RELEASE]
	at org.springframework.aop.framework.JdkDynamicAopProxy.invoke(JdkDynamicAopProxy.java:212) ~[spring-aop-5.0.10.RELEASE.jar:5.0.10.RELEASE]
	at com.sun.proxy.$Proxy161.findByEventCode(Unknown Source) ~[?:?]
	at com.blumeglobal.shipmentmanagement.service.impl.ShipmentEventServiceImpl.createShipmentEvent(ShipmentEventServiceImpl.java:198) [main/:?]
	at com.blumeglobal.shipmentmanagement.kafka.consumer.KafkaShipmentDrayEventListenerConsumer.shipmentDrayEventReceiver(KafkaShipmentDrayEventListenerConsumer.java:58) [main/:?]
	at sun.reflect.GeneratedMethodAccessor195.invoke(Unknown Source) ~[?:?]
	at sun.reflect.DelegatingMethodAccessorImpl.invoke(DelegatingMethodAccessorImpl.java:43) ~[?:1.8.0_181]
	at java.lang.reflect.Method.invoke(Method.java:498) ~[?:1.8.0_181]
	at org.springframework.messaging.handler.invocation.InvocableHandlerMethod.doInvoke(InvocableHandlerMethod.java:181) [spring-messaging-5.0.10.RELEASE.jar:5.0.10.RELEASE]
	at org.springframework.messaging.handler.invocation.InvocableHandlerMethod.invoke(InvocableHandlerMethod.java:114) [spring-messaging-5.0.10.RELEASE.jar:5.0.10.RELEASE]
	at org.springframework.kafka.listener.adapter.HandlerAdapter.invoke(HandlerAdapter.java:48) [spring-kafka-2.0.3.RELEASE.jar:2.0.3.RELEASE]
	at org.springframework.kafka.listener.adapter.MessagingMessageListenerAdapter.invokeHandler(MessagingMessageListenerAdapter.java:236) [spring-kafka-2.0.3.RELEASE.jar:2.0.3.RELEASE]
	at org.springframework.kafka.listener.adapter.RecordMessagingMessageListenerAdapter.onMessage(RecordMessagingMessageListenerAdapter.java:80) [spring-kafka-2.0.3.RELEASE.jar:2.0.3.RELEASE]
	at org.springframework.kafka.listener.adapter.RecordMessagingMessageListenerAdapter.onMessage(RecordMessagingMessageListenerAdapter.java:51) [spring-kafka-2.0.3.RELEASE.jar:2.0.3.RELEASE]
	at org.springframework.kafka.listener.KafkaMessageListenerContainer$ListenerConsumer.doInvokeRecordListener(KafkaMessageListenerContainer.java:936) [spring-kafka-2.0.3.RELEASE.jar:2.0.3.RELEASE]
	at org.springframework.kafka.listener.KafkaMessageListenerContainer$ListenerConsumer.doInvokeWithRecords(KafkaMessageListenerContainer.java:916) [spring-kafka-2.0.3.RELEASE.jar:2.0.3.RELEASE]
	at org.springframework.kafka.listener.KafkaMessageListenerContainer$ListenerConsumer.invokeRecordListener(KafkaMessageListenerContainer.java:867) [spring-kafka-2.0.3.RELEASE.jar:2.0.3.RELEASE]
	at org.springframework.kafka.listener.KafkaMessageListenerContainer$ListenerConsumer.invokeListener(KafkaMessageListenerContainer.java:742) [spring-kafka-2.0.3.RELEASE.jar:2.0.3.RELEASE]
	at org.springframework.kafka.listener.KafkaMessageListenerContainer$ListenerConsumer.run(KafkaMessageListenerContainer.java:625) [spring-kafka-2.0.3.RELEASE.jar:2.0.3.RELEASE]
	at java.util.concurrent.Executors$RunnableAdapter.call(Executors.java:511) [?:1.8.0_181]
	at java.util.concurrent.FutureTask.run(FutureTask.java:266) [?:1.8.0_181]
	at java.lang.Thread.run(Thread.java:748) [?:1.8.0_181]
Caused by: org.hibernate.exception.SQLGrammarException: could not extract ResultSet
	at org.hibernate.exception.internal.SQLExceptionTypeDelegate.convert(SQLExceptionTypeDelegate.java:63) ~[hibernate-core-5.2.17.Final.jar:5.2.17.Final]
	at org.hibernate.exception.internal.StandardSQLExceptionConverter.convert(StandardSQLExceptionConverter.java:42) ~[hibernate-core-5.2.17.Final.jar:5.2.17.Final]
	at org.hibernate.engine.jdbc.spi.SqlExceptionHelper.convert(SqlExceptionHelper.java:111) ~[hibernate-core-5.2.17.Final.jar:5.2.17.Final]
	at org.hibernate.engine.jdbc.spi.SqlExceptionHelper.convert(SqlExceptionHelper.java:97) ~[hibernate-core-5.2.17.Final.jar:5.2.17.Final]
	at org.hibernate.engine.jdbc.internal.ResultSetReturnImpl.extract(ResultSetReturnImpl.java:69) ~[hibernate-core-5.2.17.Final.jar:5.2.17.Final]
	at org.hibernate.loader.Loader.getResultSet(Loader.java:2168) ~[hibernate-core-5.2.17.Final.jar:5.2.17.Final]
	at org.hibernate.loader.Loader.executeQueryStatement(Loader.java:1931) ~[hibernate-core-5.2.17.Final.jar:5.2.17.Final]
	at org.hibernate.loader.Loader.executeQueryStatement(Loader.java:1893) ~[hibernate-core-5.2.17.Final.jar:5.2.17.Final]
	at org.hibernate.loader.Loader.doQuery(Loader.java:938) ~[hibernate-core-5.2.17.Final.jar:5.2.17.Final]
	at org.hibernate.loader.Loader.doQueryAndInitializeNonLazyCollections(Loader.java:341) ~[hibernate-core-5.2.17.Final.jar:5.2.17.Final]
	at org.hibernate.loader.Loader.doList(Loader.java:2692) ~[hibernate-core-5.2.17.Final.jar:5.2.17.Final]
	at org.hibernate.loader.Loader.doList(Loader.java:2675) ~[hibernate-core-5.2.17.Final.jar:5.2.17.Final]
	at org.hibernate.loader.Loader.listIgnoreQueryCache(Loader.java:2507) ~[hibernate-core-5.2.17.Final.jar:5.2.17.Final]
	at org.hibernate.loader.Loader.list(Loader.java:2502) ~[hibernate-core-5.2.17.Final.jar:5.2.17.Final]
	at org.hibernate.loader.hql.QueryLoader.list(QueryLoader.java:502) ~[hibernate-core-5.2.17.Final.jar:5.2.17.Final]
	at org.hibernate.hql.internal.ast.QueryTranslatorImpl.list(QueryTranslatorImpl.java:392) ~[hibernate-core-5.2.17.Final.jar:5.2.17.Final]
	at org.hibernate.engine.query.spi.HQLQueryPlan.performList(HQLQueryPlan.java:216) ~[hibernate-core-5.2.17.Final.jar:5.2.17.Final]
	at org.hibernate.internal.SessionImpl.list(SessionImpl.java:1490) ~[hibernate-core-5.2.17.Final.jar:5.2.17.Final]
	at org.hibernate.query.internal.AbstractProducedQuery.doList(AbstractProducedQuery.java:1445) ~[hibernate-core-5.2.17.Final.jar:5.2.17.Final]
	at org.hibernate.query.internal.AbstractProducedQuery.list(AbstractProducedQuery.java:1414) ~[hibernate-core-5.2.17.Final.jar:5.2.17.Final]
	at org.hibernate.query.Query.getResultList(Query.java:146) ~[hibernate-core-5.2.17.Final.jar:5.2.17.Final]
	at org.hibernate.query.criteria.internal.compile.CriteriaQueryTypeQueryAdapter.getResultList(CriteriaQueryTypeQueryAdapter.java:72) ~[hibernate-core-5.2.17.Final.jar:5.2.17.Final]
	at sun.reflect.GeneratedMethodAccessor200.invoke(Unknown Source) ~[?:?]
	at sun.reflect.DelegatingMethodAccessorImpl.invoke(DelegatingMethodAccessorImpl.java:43) ~[?:1.8.0_181]
	at java.lang.reflect.Method.invoke(Method.java:498) ~[?:1.8.0_181]
	at org.springframework.orm.jpa.SharedEntityManagerCreator$DeferredQueryInvocationHandler.invoke(SharedEntityManagerCreator.java:380) ~[spring-orm-5.0.10.RELEASE.jar:5.0.10.RELEASE]
	at com.sun.proxy.$Proxy246.getResultList(Unknown Source) ~[?:?]
	at org.springframework.data.jpa.repository.query.JpaQueryExecution$CollectionExecution.doExecute(JpaQueryExecution.java:129) ~[spring-data-jpa-2.0.11.RELEASE.jar:2.0.11.RELEASE]
	at org.springframework.data.jpa.repository.query.JpaQueryExecution.execute(JpaQueryExecution.java:91) ~[spring-data-jpa-2.0.11.RELEASE.jar:2.0.11.RELEASE]
	at org.springframework.data.jpa.repository.query.AbstractJpaQuery.doExecute(AbstractJpaQuery.java:136) ~[spring-data-jpa-2.0.11.RELEASE.jar:2.0.11.RELEASE]
	at org.springframework.data.jpa.repository.query.AbstractJpaQuery.execute(AbstractJpaQuery.java:125) ~[spring-data-jpa-2.0.11.RELEASE.jar:2.0.11.RELEASE]
	at org.springframework.data.repository.core.support.RepositoryFactorySupport$QueryExecutorMethodInterceptor.doInvoke(RepositoryFactorySupport.java:602) ~[spring-data-commons-2.0.11.RELEASE.jar:2.0.11.RELEASE]
	at org.springframework.data.repository.core.support.RepositoryFactorySupport$QueryExecutorMethodInterceptor.invoke(RepositoryFactorySupport.java:590) ~[spring-data-commons-2.0.11.RELEASE.jar:2.0.11.RELEASE]
	at org.springframework.aop.framework.ReflectiveMethodInvocation.proceed(ReflectiveMethodInvocation.java:185) ~[spring-aop-5.0.10.RELEASE.jar:5.0.10.RELEASE]
	at org.springframework.data.projection.DefaultMethodInvokingMethodInterceptor.invoke(DefaultMethodInvokingMethodInterceptor.java:59) ~[spring-data-commons-2.0.11.RELEASE.jar:2.0.11.RELEASE]
	at org.springframework.aop.framework.ReflectiveMethodInvocation.proceed(ReflectiveMethodInvocation.java:185) ~[spring-aop-5.0.10.RELEASE.jar:5.0.10.RELEASE]
	at org.springframework.transaction.interceptor.TransactionAspectSupport.invokeWithinTransaction(TransactionAspectSupport.java:294) ~[spring-tx-5.0.10.RELEASE.jar:5.0.10.RELEASE]
	at org.springframework.transaction.interceptor.TransactionInterceptor.invoke(TransactionInterceptor.java:98) ~[spring-tx-5.0.10.RELEASE.jar:5.0.10.RELEASE]
	at org.springframework.aop.framework.ReflectiveMethodInvocation.proceed(ReflectiveMethodInvocation.java:185) ~[spring-aop-5.0.10.RELEASE.jar:5.0.10.RELEASE]
	at org.springframework.dao.support.PersistenceExceptionTranslationInterceptor.invoke(PersistenceExceptionTranslationInterceptor.java:139) ~[spring-tx-5.0.10.RELEASE.jar:5.0.10.RELEASE]
	... 28 more
Caused by: java.sql.SQLSyntaxErrorException: Table 'iasdevqa.EVENTCLASS' doesn't exist
	at com.mysql.cj.jdbc.exceptions.SQLError.createSQLException(SQLError.java:120) ~[mysql-connector-java-8.0.13.jar:8.0.13]
	at com.mysql.cj.jdbc.exceptions.SQLError.createSQLException(SQLError.java:97) ~[mysql-connector-java-8.0.13.jar:8.0.13]
	at com.mysql.cj.jdbc.exceptions.SQLExceptionsMapping.translateException(SQLExceptionsMapping.java:122) ~[mysql-connector-java-8.0.13.jar:8.0.13]
	at com.mysql.cj.jdbc.ClientPreparedStatement.executeInternal(ClientPreparedStatement.java:974) ~[mysql-connector-java-8.0.13.jar:8.0.13]
	at com.mysql.cj.jdbc.ClientPreparedStatement.executeQuery(ClientPreparedStatement.java:1024) ~[mysql-connector-java-8.0.13.jar:8.0.13]
	at com.zaxxer.hikari.pool.ProxyPreparedStatement.executeQuery(ProxyPreparedStatement.java:52) ~[HikariCP-2.7.9.jar:?]
	at com.zaxxer.hikari.pool.HikariProxyPreparedStatement.executeQuery(HikariProxyPreparedStatement.java) ~[HikariCP-2.7.9.jar:?]
	at org.hibernate.engine.jdbc.internal.ResultSetReturnImpl.extract(ResultSetReturnImpl.java:60) ~[hibernate-core-5.2.17.Final.jar:5.2.17.Final]
	at org.hibernate.loader.Loader.getResultSet(Loader.java:2168) ~[hibernate-core-5.2.17.Final.jar:5.2.17.Final]
	at org.hibernate.loader.Loader.executeQueryStatement(Loader.java:1931) ~[hibernate-core-5.2.17.Final.jar:5.2.17.Final]
	at org.hibernate.loader.Loader.executeQueryStatement(Loader.java:1893) ~[hibernate-core-5.2.17.Final.jar:5.2.17.Final]
	at org.hibernate.loader.Loader.doQuery(Loader.java:938) ~[hibernate-core-5.2.17.Final.jar:5.2.17.Final]
	at org.hibernate.loader.Loader.doQueryAndInitializeNonLazyCollections(Loader.java:341) ~[hibernate-core-5.2.17.Final.jar:5.2.17.Final]
	at org.hibernate.loader.Loader.doList(Loader.java:2692) ~[hibernate-core-5.2.17.Final.jar:5.2.17.Final]
	at org.hibernate.loader.Loader.doList(Loader.java:2675) ~[hibernate-core-5.2.17.Final.jar:5.2.17.Final]
	at org.hibernate.loader.Loader.listIgnoreQueryCache(Loader.java:2507) ~[hibernate-core-5.2.17.Final.jar:5.2.17.Final]
	at org.hibernate.loader.Loader.list(Loader.java:2502) ~[hibernate-core-5.2.17.Final.jar:5.2.17.Final]
	at org.hibernate.loader.hql.QueryLoader.list(QueryLoader.java:502) ~[hibernate-core-5.2.17.Final.jar:5.2.17.Final]
	at org.hibernate.hql.internal.ast.QueryTranslatorImpl.list(QueryTranslatorImpl.java:392) ~[hibernate-core-5.2.17.Final.jar:5.2.17.Final]
	at org.hibernate.engine.query.spi.HQLQueryPlan.performList(HQLQueryPlan.java:216) ~[hibernate-core-5.2.17.Final.jar:5.2.17.Final]
	at org.hibernate.internal.SessionImpl.list(SessionImpl.java:1490) ~[hibernate-core-5.2.17.Final.jar:5.2.17.Final]
	at org.hibernate.query.internal.AbstractProducedQuery.doList(AbstractProducedQuery.java:1445) ~[hibernate-core-5.2.17.Final.jar:5.2.17.Final]
	at org.hibernate.query.internal.AbstractProducedQuery.list(AbstractProducedQuery.java:1414) ~[hibernate-core-5.2.17.Final.jar:5.2.17.Final]
	at org.hibernate.query.Query.getResultList(Query.java:146) ~[hibernate-core-5.2.17.Final.jar:5.2.17.Final]
	at org.hibernate.query.criteria.internal.compile.CriteriaQueryTypeQueryAdapter.getResultList(CriteriaQueryTypeQueryAdapter.java:72) ~[hibernate-core-5.2.17.Final.jar:5.2.17.Final]
	at sun.reflect.GeneratedMethodAccessor200.invoke(Unknown Source) ~[?:?]
	at sun.reflect.DelegatingMethodAccessorImpl.invoke(DelegatingMethodAccessorImpl.java:43) ~[?:1.8.0_181]
	at java.lang.reflect.Method.invoke(Method.java:498) ~[?:1.8.0_181]
	at org.springframework.orm.jpa.SharedEntityManagerCreator$DeferredQueryInvocationHandler.invoke(SharedEntityManagerCreator.java:380) ~[spring-orm-5.0.10.RELEASE.jar:5.0.10.RELEASE]
	at com.sun.proxy.$Proxy246.getResultList(Unknown Source) ~[?:?]
	at org.springframework.data.jpa.repository.query.JpaQueryExecution$CollectionExecution.doExecute(JpaQueryExecution.java:129) ~[spring-data-jpa-2.0.11.RELEASE.jar:2.0.11.RELEASE]
	at org.springframework.data.jpa.repository.query.JpaQueryExecution.execute(JpaQueryExecution.java:91) ~[spring-data-jpa-2.0.11.RELEASE.jar:2.0.11.RELEASE]
	at org.springframework.data.jpa.repository.query.AbstractJpaQuery.doExecute(AbstractJpaQuery.java:136) ~[spring-data-jpa-2.0.11.RELEASE.jar:2.0.11.RELEASE]
	at org.springframework.data.jpa.repository.query.AbstractJpaQuery.execute(AbstractJpaQuery.java:125) ~[spring-data-jpa-2.0.11.RELEASE.jar:2.0.11.RELEASE]
	at org.springframework.data.repository.core.support.RepositoryFactorySupport$QueryExecutorMethodInterceptor.doInvoke(RepositoryFactorySupport.java:602) ~[spring-data-commons-2.0.11.RELEASE.jar:2.0.11.RELEASE]
	at org.springframework.data.repository.core.support.RepositoryFactorySupport$QueryExecutorMethodInterceptor.invoke(RepositoryFactorySupport.java:590) ~[spring-data-commons-2.0.11.RELEASE.jar:2.0.11.RELEASE]
	at org.springframework.aop.framework.ReflectiveMethodInvocation.proceed(ReflectiveMethodInvocation.java:185) ~[spring-aop-5.0.10.RELEASE.jar:5.0.10.RELEASE]
	at org.springframework.data.projection.DefaultMethodInvokingMethodInterceptor.invoke(DefaultMethodInvokingMethodInterceptor.java:59) ~[spring-data-commons-2.0.11.RELEASE.jar:2.0.11.RELEASE]
	at org.springframework.aop.framework.ReflectiveMethodInvocation.proceed(ReflectiveMethodInvocation.java:185) ~[spring-aop-5.0.10.RELEASE.jar:5.0.10.RELEASE]
	at org.springframework.transaction.interceptor.TransactionAspectSupport.invokeWithinTransaction(TransactionAspectSupport.java:294) ~[spring-tx-5.0.10.RELEASE.jar:5.0.10.RELEASE]
	at org.springframework.transaction.interceptor.TransactionInterceptor.invoke(TransactionInterceptor.java:98) ~[spring-tx-5.0.10.RELEASE.jar:5.0.10.RELEASE]
	at org.springframework.aop.framework.ReflectiveMethodInvocation.proceed(ReflectiveMethodInvocation.java:185) ~[spring-aop-5.0.10.RELEASE.jar:5.0.10.RELEASE]
	at org.springframework.dao.support.PersistenceExceptionTranslationInterceptor.invoke(PersistenceExceptionTranslationInterceptor.java:139) ~[spring-tx-5.0.10.RELEASE.jar:5.0.10.RELEASE]
	... 28 more
[ERROR] 2019-05-27 17:44:27.191 [org.springframework.kafka.KafkaListenerEndpointContainer#3-0-C-1] KafkaShipmentDrayEventListenerConsumer - Could not send dray event data to api createShipmentEvent :
org.springframework.dao.InvalidDataAccessResourceUsageException: could not extract ResultSet; SQL [n/a]; nested exception is org.hibernate.exception.SQLGrammarException: could not extract ResultSet
	at org.springframework.orm.jpa.vendor.HibernateJpaDialect.convertHibernateAccessException(HibernateJpaDialect.java:240) ~[spring-orm-5.0.10.RELEASE.jar:5.0.10.RELEASE]
	at org.springframework.orm.jpa.vendor.HibernateJpaDialect.translateExceptionIfPossible(HibernateJpaDialect.java:223) ~[spring-orm-5.0.10.RELEASE.jar:5.0.10.RELEASE]
	at org.springframework.orm.jpa.AbstractEntityManagerFactoryBean.translateExceptionIfPossible(AbstractEntityManagerFactoryBean.java:527) ~[spring-orm-5.0.10.RELEASE.jar:5.0.10.RELEASE]
	at org.springframework.dao.support.ChainedPersistenceExceptionTranslator.translateExceptionIfPossible(ChainedPersistenceExceptionTranslator.java:61) ~[spring-tx-5.0.10.RELEASE.jar:5.0.10.RELEASE]
	at org.springframework.dao.support.DataAccessUtils.translateIfNecessary(DataAccessUtils.java:242) ~[spring-tx-5.0.10.RELEASE.jar:5.0.10.RELEASE]
	at org.springframework.dao.support.PersistenceExceptionTranslationInterceptor.invoke(PersistenceExceptionTranslationInterceptor.java:153) ~[spring-tx-5.0.10.RELEASE.jar:5.0.10.RELEASE]
	at org.springframework.aop.framework.ReflectiveMethodInvocation.proceed(ReflectiveMethodInvocation.java:185) ~[spring-aop-5.0.10.RELEASE.jar:5.0.10.RELEASE]
	at org.springframework.data.jpa.repository.support.CrudMethodMetadataPostProcessor$CrudMethodMetadataPopulatingMethodInterceptor.invoke(CrudMethodMetadataPostProcessor.java:135) ~[spring-data-jpa-2.0.11.RELEASE.jar:2.0.11.RELEASE]
	at org.springframework.aop.framework.ReflectiveMethodInvocation.proceed(ReflectiveMethodInvocation.java:185) ~[spring-aop-5.0.10.RELEASE.jar:5.0.10.RELEASE]
	at org.springframework.aop.interceptor.ExposeInvocationInterceptor.invoke(ExposeInvocationInterceptor.java:92) ~[spring-aop-5.0.10.RELEASE.jar:5.0.10.RELEASE]
	at org.springframework.aop.framework.ReflectiveMethodInvocation.proceed(ReflectiveMethodInvocation.java:185) ~[spring-aop-5.0.10.RELEASE.jar:5.0.10.RELEASE]
	at org.springframework.data.repository.core.support.SurroundingTransactionDetectorMethodInterceptor.invoke(SurroundingTransactionDetectorMethodInterceptor.java:61) ~[spring-data-commons-2.0.11.RELEASE.jar:2.0.11.RELEASE]
	at org.springframework.aop.framework.ReflectiveMethodInvocation.proceed(ReflectiveMethodInvocation.java:185) ~[spring-aop-5.0.10.RELEASE.jar:5.0.10.RELEASE]
	at org.springframework.aop.framework.JdkDynamicAopProxy.invoke(JdkDynamicAopProxy.java:212) ~[spring-aop-5.0.10.RELEASE.jar:5.0.10.RELEASE]
	at com.sun.proxy.$Proxy161.findByEventCode(Unknown Source) ~[?:?]
	at com.blumeglobal.shipmentmanagement.service.impl.ShipmentEventServiceImpl.createShipmentEvent(ShipmentEventServiceImpl.java:198) ~[main/:?]
	at com.blumeglobal.shipmentmanagement.kafka.consumer.KafkaShipmentDrayEventListenerConsumer.shipmentDrayEventReceiver(KafkaShipmentDrayEventListenerConsumer.java:58) [main/:?]
	at sun.reflect.GeneratedMethodAccessor195.invoke(Unknown Source) ~[?:?]
	at sun.reflect.DelegatingMethodAccessorImpl.invoke(DelegatingMethodAccessorImpl.java:43) ~[?:1.8.0_181]
	at java.lang.reflect.Method.invoke(Method.java:498) ~[?:1.8.0_181]
	at org.springframework.messaging.handler.invocation.InvocableHandlerMethod.doInvoke(InvocableHandlerMethod.java:181) [spring-messaging-5.0.10.RELEASE.jar:5.0.10.RELEASE]
	at org.springframework.messaging.handler.invocation.InvocableHandlerMethod.invoke(InvocableHandlerMethod.java:114) [spring-messaging-5.0.10.RELEASE.jar:5.0.10.RELEASE]
	at org.springframework.kafka.listener.adapter.HandlerAdapter.invoke(HandlerAdapter.java:48) [spring-kafka-2.0.3.RELEASE.jar:2.0.3.RELEASE]
	at org.springframework.kafka.listener.adapter.MessagingMessageListenerAdapter.invokeHandler(MessagingMessageListenerAdapter.java:236) [spring-kafka-2.0.3.RELEASE.jar:2.0.3.RELEASE]
	at org.springframework.kafka.listener.adapter.RecordMessagingMessageListenerAdapter.onMessage(RecordMessagingMessageListenerAdapter.java:80) [spring-kafka-2.0.3.RELEASE.jar:2.0.3.RELEASE]
	at org.springframework.kafka.listener.adapter.RecordMessagingMessageListenerAdapter.onMessage(RecordMessagingMessageListenerAdapter.java:51) [spring-kafka-2.0.3.RELEASE.jar:2.0.3.RELEASE]
	at org.springframework.kafka.listener.KafkaMessageListenerContainer$ListenerConsumer.doInvokeRecordListener(KafkaMessageListenerContainer.java:936) [spring-kafka-2.0.3.RELEASE.jar:2.0.3.RELEASE]
	at org.springframework.kafka.listener.KafkaMessageListenerContainer$ListenerConsumer.doInvokeWithRecords(KafkaMessageListenerContainer.java:916) [spring-kafka-2.0.3.RELEASE.jar:2.0.3.RELEASE]
	at org.springframework.kafka.listener.KafkaMessageListenerContainer$ListenerConsumer.invokeRecordListener(KafkaMessageListenerContainer.java:867) [spring-kafka-2.0.3.RELEASE.jar:2.0.3.RELEASE]
	at org.springframework.kafka.listener.KafkaMessageListenerContainer$ListenerConsumer.invokeListener(KafkaMessageListenerContainer.java:742) [spring-kafka-2.0.3.RELEASE.jar:2.0.3.RELEASE]
	at org.springframework.kafka.listener.KafkaMessageListenerContainer$ListenerConsumer.run(KafkaMessageListenerContainer.java:625) [spring-kafka-2.0.3.RELEASE.jar:2.0.3.RELEASE]
	at java.util.concurrent.Executors$RunnableAdapter.call(Executors.java:511) [?:1.8.0_181]
	at java.util.concurrent.FutureTask.run(FutureTask.java:266) [?:1.8.0_181]
	at java.lang.Thread.run(Thread.java:748) [?:1.8.0_181]
Caused by: org.hibernate.exception.SQLGrammarException: could not extract ResultSet
	at org.hibernate.exception.internal.SQLExceptionTypeDelegate.convert(SQLExceptionTypeDelegate.java:63) ~[hibernate-core-5.2.17.Final.jar:5.2.17.Final]
	at org.hibernate.exception.internal.StandardSQLExceptionConverter.convert(StandardSQLExceptionConverter.java:42) ~[hibernate-core-5.2.17.Final.jar:5.2.17.Final]
	at org.hibernate.engine.jdbc.spi.SqlExceptionHelper.convert(SqlExceptionHelper.java:111) ~[hibernate-core-5.2.17.Final.jar:5.2.17.Final]
	at org.hibernate.engine.jdbc.spi.SqlExceptionHelper.convert(SqlExceptionHelper.java:97) ~[hibernate-core-5.2.17.Final.jar:5.2.17.Final]
	at org.hibernate.engine.jdbc.internal.ResultSetReturnImpl.extract(ResultSetReturnImpl.java:69) ~[hibernate-core-5.2.17.Final.jar:5.2.17.Final]
	at org.hibernate.loader.Loader.getResultSet(Loader.java:2168) ~[hibernate-core-5.2.17.Final.jar:5.2.17.Final]
	at org.hibernate.loader.Loader.executeQueryStatement(Loader.java:1931) ~[hibernate-core-5.2.17.Final.jar:5.2.17.Final]
	at org.hibernate.loader.Loader.executeQueryStatement(Loader.java:1893) ~[hibernate-core-5.2.17.Final.jar:5.2.17.Final]
	at org.hibernate.loader.Loader.doQuery(Loader.java:938) ~[hibernate-core-5.2.17.Final.jar:5.2.17.Final]
	at org.hibernate.loader.Loader.doQueryAndInitializeNonLazyCollections(Loader.java:341) ~[hibernate-core-5.2.17.Final.jar:5.2.17.Final]
	at org.hibernate.loader.Loader.doList(Loader.java:2692) ~[hibernate-core-5.2.17.Final.jar:5.2.17.Final]
	at org.hibernate.loader.Loader.doList(Loader.java:2675) ~[hibernate-core-5.2.17.Final.jar:5.2.17.Final]
	at org.hibernate.loader.Loader.listIgnoreQueryCache(Loader.java:2507) ~[hibernate-core-5.2.17.Final.jar:5.2.17.Final]
	at org.hibernate.loader.Loader.list(Loader.java:2502) ~[hibernate-core-5.2.17.Final.jar:5.2.17.Final]
	at org.hibernate.loader.hql.QueryLoader.list(QueryLoader.java:502) ~[hibernate-core-5.2.17.Final.jar:5.2.17.Final]
	at org.hibernate.hql.internal.ast.QueryTranslatorImpl.list(QueryTranslatorImpl.java:392) ~[hibernate-core-5.2.17.Final.jar:5.2.17.Final]
	at org.hibernate.engine.query.spi.HQLQueryPlan.performList(HQLQueryPlan.java:216) ~[hibernate-core-5.2.17.Final.jar:5.2.17.Final]
	at org.hibernate.internal.SessionImpl.list(SessionImpl.java:1490) ~[hibernate-core-5.2.17.Final.jar:5.2.17.Final]
	at org.hibernate.query.internal.AbstractProducedQuery.doList(AbstractProducedQuery.java:1445) ~[hibernate-core-5.2.17.Final.jar:5.2.17.Final]
	at org.hibernate.query.internal.AbstractProducedQuery.list(AbstractProducedQuery.java:1414) ~[hibernate-core-5.2.17.Final.jar:5.2.17.Final]
	at org.hibernate.query.Query.getResultList(Query.java:146) ~[hibernate-core-5.2.17.Final.jar:5.2.17.Final]
	at org.hibernate.query.criteria.internal.compile.CriteriaQueryTypeQueryAdapter.getResultList(CriteriaQueryTypeQueryAdapter.java:72) ~[hibernate-core-5.2.17.Final.jar:5.2.17.Final]
	at sun.reflect.GeneratedMethodAccessor200.invoke(Unknown Source) ~[?:?]
	at sun.reflect.DelegatingMethodAccessorImpl.invoke(DelegatingMethodAccessorImpl.java:43) ~[?:1.8.0_181]
	at java.lang.reflect.Method.invoke(Method.java:498) ~[?:1.8.0_181]
	at org.springframework.orm.jpa.SharedEntityManagerCreator$DeferredQueryInvocationHandler.invoke(SharedEntityManagerCreator.java:380) ~[spring-orm-5.0.10.RELEASE.jar:5.0.10.RELEASE]
	at com.sun.proxy.$Proxy246.getResultList(Unknown Source) ~[?:?]
	at org.springframework.data.jpa.repository.query.JpaQueryExecution$CollectionExecution.doExecute(JpaQueryExecution.java:129) ~[spring-data-jpa-2.0.11.RELEASE.jar:2.0.11.RELEASE]
	at org.springframework.data.jpa.repository.query.JpaQueryExecution.execute(JpaQueryExecution.java:91) ~[spring-data-jpa-2.0.11.RELEASE.jar:2.0.11.RELEASE]
	at org.springframework.data.jpa.repository.query.AbstractJpaQuery.doExecute(AbstractJpaQuery.java:136) ~[spring-data-jpa-2.0.11.RELEASE.jar:2.0.11.RELEASE]
	at org.springframework.data.jpa.repository.query.AbstractJpaQuery.execute(AbstractJpaQuery.java:125) ~[spring-data-jpa-2.0.11.RELEASE.jar:2.0.11.RELEASE]
	at org.springframework.data.repository.core.support.RepositoryFactorySupport$QueryExecutorMethodInterceptor.doInvoke(RepositoryFactorySupport.java:602) ~[spring-data-commons-2.0.11.RELEASE.jar:2.0.11.RELEASE]
	at org.springframework.data.repository.core.support.RepositoryFactorySupport$QueryExecutorMethodInterceptor.invoke(RepositoryFactorySupport.java:590) ~[spring-data-commons-2.0.11.RELEASE.jar:2.0.11.RELEASE]
	at org.springframework.aop.framework.ReflectiveMethodInvocation.proceed(ReflectiveMethodInvocation.java:185) ~[spring-aop-5.0.10.RELEASE.jar:5.0.10.RELEASE]
	at org.springframework.data.projection.DefaultMethodInvokingMethodInterceptor.invoke(DefaultMethodInvokingMethodInterceptor.java:59) ~[spring-data-commons-2.0.11.RELEASE.jar:2.0.11.RELEASE]
	at org.springframework.aop.framework.ReflectiveMethodInvocation.proceed(ReflectiveMethodInvocation.java:185) ~[spring-aop-5.0.10.RELEASE.jar:5.0.10.RELEASE]
	at org.springframework.transaction.interceptor.TransactionAspectSupport.invokeWithinTransaction(TransactionAspectSupport.java:294) ~[spring-tx-5.0.10.RELEASE.jar:5.0.10.RELEASE]
	at org.springframework.transaction.interceptor.TransactionInterceptor.invoke(TransactionInterceptor.java:98) ~[spring-tx-5.0.10.RELEASE.jar:5.0.10.RELEASE]
	at org.springframework.aop.framework.ReflectiveMethodInvocation.proceed(ReflectiveMethodInvocation.java:185) ~[spring-aop-5.0.10.RELEASE.jar:5.0.10.RELEASE]
	at org.springframework.dao.support.PersistenceExceptionTranslationInterceptor.invoke(PersistenceExceptionTranslationInterceptor.java:139) ~[spring-tx-5.0.10.RELEASE.jar:5.0.10.RELEASE]
	... 28 more
Caused by: java.sql.SQLSyntaxErrorException: Table 'iasdevqa.EVENTCLASS' doesn't exist
	at com.mysql.cj.jdbc.exceptions.SQLError.createSQLException(SQLError.java:120) ~[mysql-connector-java-8.0.13.jar:8.0.13]
	at com.mysql.cj.jdbc.exceptions.SQLError.createSQLException(SQLError.java:97) ~[mysql-connector-java-8.0.13.jar:8.0.13]
	at com.mysql.cj.jdbc.exceptions.SQLExceptionsMapping.translateException(SQLExceptionsMapping.java:122) ~[mysql-connector-java-8.0.13.jar:8.0.13]
	at com.mysql.cj.jdbc.ClientPreparedStatement.executeInternal(ClientPreparedStatement.java:974) ~[mysql-connector-java-8.0.13.jar:8.0.13]
	at com.mysql.cj.jdbc.ClientPreparedStatement.executeQuery(ClientPreparedStatement.java:1024) ~[mysql-connector-java-8.0.13.jar:8.0.13]
	at com.zaxxer.hikari.pool.ProxyPreparedStatement.executeQuery(ProxyPreparedStatement.java:52) ~[HikariCP-2.7.9.jar:?]
	at com.zaxxer.hikari.pool.HikariProxyPreparedStatement.executeQuery(HikariProxyPreparedStatement.java) ~[HikariCP-2.7.9.jar:?]
	at org.hibernate.engine.jdbc.internal.ResultSetReturnImpl.extract(ResultSetReturnImpl.java:60) ~[hibernate-core-5.2.17.Final.jar:5.2.17.Final]
	at org.hibernate.loader.Loader.getResultSet(Loader.java:2168) ~[hibernate-core-5.2.17.Final.jar:5.2.17.Final]
	at org.hibernate.loader.Loader.executeQueryStatement(Loader.java:1931) ~[hibernate-core-5.2.17.Final.jar:5.2.17.Final]
	at org.hibernate.loader.Loader.executeQueryStatement(Loader.java:1893) ~[hibernate-core-5.2.17.Final.jar:5.2.17.Final]
	at org.hibernate.loader.Loader.doQuery(Loader.java:938) ~[hibernate-core-5.2.17.Final.jar:5.2.17.Final]
	at org.hibernate.loader.Loader.doQueryAndInitializeNonLazyCollections(Loader.java:341) ~[hibernate-core-5.2.17.Final.jar:5.2.17.Final]
	at org.hibernate.loader.Loader.doList(Loader.java:2692) ~[hibernate-core-5.2.17.Final.jar:5.2.17.Final]
	at org.hibernate.loader.Loader.doList(Loader.java:2675) ~[hibernate-core-5.2.17.Final.jar:5.2.17.Final]
	at org.hibernate.loader.Loader.listIgnoreQueryCache(Loader.java:2507) ~[hibernate-core-5.2.17.Final.jar:5.2.17.Final]
	at org.hibernate.loader.Loader.list(Loader.java:2502) ~[hibernate-core-5.2.17.Final.jar:5.2.17.Final]
	at org.hibernate.loader.hql.QueryLoader.list(QueryLoader.java:502) ~[hibernate-core-5.2.17.Final.jar:5.2.17.Final]
	at org.hibernate.hql.internal.ast.QueryTranslatorImpl.list(QueryTranslatorImpl.java:392) ~[hibernate-core-5.2.17.Final.jar:5.2.17.Final]
	at org.hibernate.engine.query.spi.HQLQueryPlan.performList(HQLQueryPlan.java:216) ~[hibernate-core-5.2.17.Final.jar:5.2.17.Final]
	at org.hibernate.internal.SessionImpl.list(SessionImpl.java:1490) ~[hibernate-core-5.2.17.Final.jar:5.2.17.Final]
	at org.hibernate.query.internal.AbstractProducedQuery.doList(AbstractProducedQuery.java:1445) ~[hibernate-core-5.2.17.Final.jar:5.2.17.Final]
	at org.hibernate.query.internal.AbstractProducedQuery.list(AbstractProducedQuery.java:1414) ~[hibernate-core-5.2.17.Final.jar:5.2.17.Final]
	at org.hibernate.query.Query.getResultList(Query.java:146) ~[hibernate-core-5.2.17.Final.jar:5.2.17.Final]
	at org.hibernate.query.criteria.internal.compile.CriteriaQueryTypeQueryAdapter.getResultList(CriteriaQueryTypeQueryAdapter.java:72) ~[hibernate-core-5.2.17.Final.jar:5.2.17.Final]
	at sun.reflect.GeneratedMethodAccessor200.invoke(Unknown Source) ~[?:?]
	at sun.reflect.DelegatingMethodAccessorImpl.invoke(DelegatingMethodAccessorImpl.java:43) ~[?:1.8.0_181]
	at java.lang.reflect.Method.invoke(Method.java:498) ~[?:1.8.0_181]
	at org.springframework.orm.jpa.SharedEntityManagerCreator$DeferredQueryInvocationHandler.invoke(SharedEntityManagerCreator.java:380) ~[spring-orm-5.0.10.RELEASE.jar:5.0.10.RELEASE]
	at com.sun.proxy.$Proxy246.getResultList(Unknown Source) ~[?:?]
	at org.springframework.data.jpa.repository.query.JpaQueryExecution$CollectionExecution.doExecute(JpaQueryExecution.java:129) ~[spring-data-jpa-2.0.11.RELEASE.jar:2.0.11.RELEASE]
	at org.springframework.data.jpa.repository.query.JpaQueryExecution.execute(JpaQueryExecution.java:91) ~[spring-data-jpa-2.0.11.RELEASE.jar:2.0.11.RELEASE]
	at org.springframework.data.jpa.repository.query.AbstractJpaQuery.doExecute(AbstractJpaQuery.java:136) ~[spring-data-jpa-2.0.11.RELEASE.jar:2.0.11.RELEASE]
	at org.springframework.data.jpa.repository.query.AbstractJpaQuery.execute(AbstractJpaQuery.java:125) ~[spring-data-jpa-2.0.11.RELEASE.jar:2.0.11.RELEASE]
	at org.springframework.data.repository.core.support.RepositoryFactorySupport$QueryExecutorMethodInterceptor.doInvoke(RepositoryFactorySupport.java:602) ~[spring-data-commons-2.0.11.RELEASE.jar:2.0.11.RELEASE]
	at org.springframework.data.repository.core.support.RepositoryFactorySupport$QueryExecutorMethodInterceptor.invoke(RepositoryFactorySupport.java:590) ~[spring-data-commons-2.0.11.RELEASE.jar:2.0.11.RELEASE]
	at org.springframework.aop.framework.ReflectiveMethodInvocation.proceed(ReflectiveMethodInvocation.java:185) ~[spring-aop-5.0.10.RELEASE.jar:5.0.10.RELEASE]
	at org.springframework.data.projection.DefaultMethodInvokingMethodInterceptor.invoke(DefaultMethodInvokingMethodInterceptor.java:59) ~[spring-data-commons-2.0.11.RELEASE.jar:2.0.11.RELEASE]
	at org.springframework.aop.framework.ReflectiveMethodInvocation.proceed(ReflectiveMethodInvocation.java:185) ~[spring-aop-5.0.10.RELEASE.jar:5.0.10.RELEASE]
	at org.springframework.transaction.interceptor.TransactionAspectSupport.invokeWithinTransaction(TransactionAspectSupport.java:294) ~[spring-tx-5.0.10.RELEASE.jar:5.0.10.RELEASE]
	at org.springframework.transaction.interceptor.TransactionInterceptor.invoke(TransactionInterceptor.java:98) ~[spring-tx-5.0.10.RELEASE.jar:5.0.10.RELEASE]
	at org.springframework.aop.framework.ReflectiveMethodInvocation.proceed(ReflectiveMethodInvocation.java:185) ~[spring-aop-5.0.10.RELEASE.jar:5.0.10.RELEASE]
	at org.springframework.dao.support.PersistenceExceptionTranslationInterceptor.invoke(PersistenceExceptionTranslationInterceptor.java:139) ~[spring-tx-5.0.10.RELEASE.jar:5.0.10.RELEASE]
	... 28 more
